I1013 04:35:44.464698       1 nonstructuralschema_controller.go:195] Starting NonStructuralSchemaConditionController
I1013 04:35:44.464704       1 apiapproval_controller.go:189] Starting KubernetesAPIApprovalPolicyConformantConditionController
I1013 04:35:44.464709       1 crd_finalizer.go:269] Starting CRDFinalizer
I1013 04:35:44.463311       1 cluster_authentication_trust_controller.go:459] Starting cluster_authentication_trust_controller controller
I1013 04:35:44.464739       1 shared_informer.go:349] "Waiting for caches to sync" controller="cluster_authentication_trust_controller"
I1013 04:35:44.464810       1 repairip.go:210] Starting ipallocator-repair-controller
I1013 04:35:44.464836       1 shared_informer.go:349] "Waiting for caches to sync" controller="ipallocator-repair-controller"
E1013 04:35:44.524772       1 controller.go:145] "Failed to ensure lease exists, will retry" err="namespaces \"kube-system\" not found" interval="200ms"
I1013 04:35:44.553230       1 shared_informer.go:356] "Caches are synced" controller="node_authorizer"
I1013 04:35:44.560269       1 shared_informer.go:356] "Caches are synced" controller="*generic.policySource[*k8s.io/api/admissionregistration/v1.ValidatingAdmissionPolicy,*k8s.io/api/admissionregistration/v1.ValidatingAdmissionPolicyBinding,k8s.io/apiserver/pkg/admission/plugin/policy/validating.Validator]"
I1013 04:35:44.560308       1 policy_source.go:240] refreshing policies
I1013 04:35:44.564477       1 shared_informer.go:356] "Caches are synced" controller="crd-autoregister"
I1013 04:35:44.564496       1 cache.go:39] Caches are synced for LocalAvailability controller
I1013 04:35:44.564500       1 shared_informer.go:356] "Caches are synced" controller="configmaps"
I1013 04:35:44.564558       1 apf_controller.go:382] Running API Priority and Fairness config worker
I1013 04:35:44.564569       1 apf_controller.go:385] Running API Priority and Fairness periodic rebalancing process
I1013 04:35:44.564599       1 cache.go:39] Caches are synced for APIServiceRegistrationController controller
I1013 04:35:44.564610       1 handler_discovery.go:451] Starting ResourceDiscoveryManager
I1013 04:35:44.564611       1 aggregator.go:171] initial CRD sync complete...
I1013 04:35:44.564624       1 autoregister_controller.go:144] Starting autoregister controller
I1013 04:35:44.564628       1 cache.go:32] Waiting for caches to sync for autoregister controller
I1013 04:35:44.564630       1 cache.go:39] Caches are synced for autoregister controller
I1013 04:35:44.564767       1 shared_informer.go:356] "Caches are synced" controller="cluster_authentication_trust_controller"
I1013 04:35:44.564783       1 shared_informer.go:356] "Caches are synced" controller="kubernetes-service-cidr-controller"
I1013 04:35:44.564814       1 cache.go:39] Caches are synced for RemoteAvailability controller
I1013 04:35:44.564807       1 default_servicecidr_controller.go:166] Creating default ServiceCIDR with CIDRs: [10.96.0.0/16]
I1013 04:35:44.564894       1 shared_informer.go:356] "Caches are synced" controller="ipallocator-repair-controller"
I1013 04:35:44.565291       1 controller.go:667] quota admission added evaluator for: namespaces
I1013 04:35:44.568579       1 default_servicecidr_controller.go:228] Setting default ServiceCIDR condition Ready to True
I1013 04:35:44.568808       1 cidrallocator.go:301] created ClusterIP allocator for Service CIDR 10.96.0.0/16
I1013 04:35:44.572369       1 default_servicecidr_controller.go:137] Shutting down kubernetes-service-cidr-controller
I1013 04:35:44.572370       1 cidrallocator.go:277] updated ClusterIP allocator for Service CIDR 10.96.0.0/16
I1013 04:35:44.726853       1 controller.go:667] quota admission added evaluator for: leases.coordination.k8s.io
I1013 04:35:45.468870       1 storage_scheduling.go:95] created PriorityClass system-node-critical with value 2000001000
I1013 04:35:45.474905       1 storage_scheduling.go:95] created PriorityClass system-cluster-critical with value 2000000000
I1013 04:35:45.474932       1 storage_scheduling.go:111] all system priority classes are created successfully or already exist.
I1013 04:35:45.647406       1 controller.go:667] quota admission added evaluator for: roles.rbac.authorization.k8s.io
I1013 04:35:45.655959       1 controller.go:667] quota admission added evaluator for: rolebindings.rbac.authorization.k8s.io
I1013 04:35:45.667708       1 alloc.go:328] "allocated clusterIPs" service="default/kubernetes" clusterIPs={"IPv4":"10.96.0.1"}
W1013 04:35:45.669209       1 lease.go:265] Resetting endpoints for master service "kubernetes" to [172.19.0.4]
I1013 04:35:45.669591       1 controller.go:667] quota admission added evaluator for: endpoints
I1013 04:35:45.670866       1 controller.go:667] quota admission added evaluator for: endpointslices.discovery.k8s.io
I1013 04:35:46.557270       1 controller.go:667] quota admission added evaluator for: serviceaccounts
I1013 04:35:46.560726       1 controller.go:667] quota admission added evaluator for: deployments.apps
I1013 04:35:46.567455       1 alloc.go:328] "allocated clusterIPs" service="kube-system/kube-dns" clusterIPs={"IPv4":"10.96.0.10"}
I1013 04:35:46.572771       1 controller.go:667] quota admission added evaluator for: daemonsets.apps
I1013 04:35:53.559185       1 controller.go:667] quota admission added evaluator for: replicasets.apps
I1013 04:35:53.655110       1 cidrallocator.go:277] updated ClusterIP allocator for Service CIDR 10.96.0.0/16
I1013 04:35:53.656995       1 cidrallocator.go:277] updated ClusterIP allocator for Service CIDR 10.96.0.0/16
I1013 04:35:53.907369       1 controller.go:667] quota admission added evaluator for: controllerrevisions.apps
