I1013 04:35:52.805222       1 shared_informer.go:356] "Caches are synced" controller="TTL after finished"
I1013 04:35:52.805201       1 shared_informer.go:356] "Caches are synced" controller="certificate-csrsigning-legacy-unknown"
I1013 04:35:52.805705       1 shared_informer.go:356] "Caches are synced" controller="taint-eviction-controller"
I1013 04:35:52.808263       1 shared_informer.go:356] "Caches are synced" controller="job"
I1013 04:35:52.808305       1 shared_informer.go:356] "Caches are synced" controller="endpoint_slice"
I1013 04:35:52.808358       1 shared_informer.go:356] "Caches are synced" controller="endpoint_slice_mirroring"
I1013 04:35:52.810429       1 shared_informer.go:356] "Caches are synced" controller="deployment"
I1013 04:35:52.812310       1 shared_informer.go:356] "Caches are synced" controller="cronjob"
I1013 04:35:52.814137       1 shared_informer.go:356] "Caches are synced" controller="crt configmap"
I1013 04:35:52.816253       1 shared_informer.go:356] "Caches are synced" controller="ephemeral"
I1013 04:35:52.818280       1 shared_informer.go:356] "Caches are synced" controller="service-cidr-controller"
I1013 04:35:52.820343       1 shared_informer.go:356] "Caches are synced" controller="ReplicationController"
I1013 04:35:52.822276       1 shared_informer.go:356] "Caches are synced" controller="certificate-csrapproving"
I1013 04:35:52.852269       1 shared_informer.go:356] "Caches are synced" controller="garbage collector"
I1013 04:35:52.852307       1 garbagecollector.go:154] "Garbage collector: all resource monitors have synced" logger="garbage-collector-controller"
I1013 04:35:52.852319       1 garbagecollector.go:157] "Proceeding to collect garbage" logger="garbage-collector-controller"
I1013 04:35:52.854282       1 shared_informer.go:356] "Caches are synced" controller="disruption"
I1013 04:35:52.854342       1 shared_informer.go:356] "Caches are synced" controller="taint"
I1013 04:35:52.854432       1 node_lifecycle_controller.go:1221] "Initializing eviction metric for zone" logger="node-lifecycle-controller" zone=""
I1013 04:35:52.854460       1 shared_informer.go:356] "Caches are synced" controller="ClusterRoleAggregator"
I1013 04:35:52.854497       1 node_lifecycle_controller.go:873] "Missing timestamp for Node. Assuming now as a timestamp" logger="node-lifecycle-controller" node="lab-cluster-control-plane"
I1013 04:35:52.854549       1 node_lifecycle_controller.go:1025] "Controller detected that all Nodes are not-Ready. Entering master disruption mode" logger="node-lifecycle-controller"
I1013 04:35:52.854887       1 shared_informer.go:356] "Caches are synced" controller="PV protection"
I1013 04:35:52.854908       1 shared_informer.go:356] "Caches are synced" controller="expand"
I1013 04:35:52.855130       1 shared_informer.go:356] "Caches are synced" controller="validatingadmissionpolicy-status"
I1013 04:35:52.855164       1 shared_informer.go:356] "Caches are synced" controller="HPA"
I1013 04:35:52.855193       1 shared_informer.go:356] "Caches are synced" controller="legacy-service-account-token-cleaner"
I1013 04:35:52.855215       1 shared_informer.go:356] "Caches are synced" controller="daemon sets"
I1013 04:35:52.857395       1 shared_informer.go:356] "Caches are synced" controller="bootstrap_signer"
I1013 04:35:52.857536       1 shared_informer.go:356] "Caches are synced" controller="persistent volume"
I1013 04:35:52.857690       1 shared_informer.go:356] "Caches are synced" controller="namespace"
I1013 04:35:52.858188       1 shared_informer.go:356] "Caches are synced" controller="PVC protection"
I1013 04:35:52.858213       1 shared_informer.go:356] "Caches are synced" controller="node"
I1013 04:35:52.858225       1 shared_informer.go:356] "Caches are synced" controller="resource quota"
I1013 04:35:52.858230       1 range_allocator.go:177] "Sending events to api server" logger="node-ipam-controller"
I1013 04:35:52.858243       1 range_allocator.go:183] "Starting range CIDR allocator" logger="node-ipam-controller"
I1013 04:35:52.858247       1 shared_informer.go:349] "Waiting for caches to sync" controller="cidrallocator"
I1013 04:35:52.858251       1 shared_informer.go:356] "Caches are synced" controller="cidrallocator"
I1013 04:35:52.859239       1 shared_informer.go:356] "Caches are synced" controller="endpoint"
I1013 04:35:52.861962       1 range_allocator.go:428] "Set node PodCIDR" logger="node-ipam-controller" node="lab-cluster-control-plane" podCIDRs=["10.244.0.0/24"]
I1013 04:35:52.870584       1 shared_informer.go:356] "Caches are synced" controller="garbage collector"
I1013 04:35:58.590921       1 actual_state_of_world.go:541] "Failed to update statusUpdateNeeded field in actual state of world" logger="persistentvolume-attach-detach-controller" err="Failed to set statusUpdateNeeded to needed true, because nodeName=\"lab-cluster-worker\" does not exist"
I1013 04:35:58.593863       1 range_allocator.go:428] "Set node PodCIDR" logger="node-ipam-controller" node="lab-cluster-worker" podCIDRs=["10.244.1.0/24"]
I1013 04:35:58.800309       1 actual_state_of_world.go:541] "Failed to update statusUpdateNeeded field in actual state of world" logger="persistentvolume-attach-detach-controller" err="Failed to set statusUpdateNeeded to needed true, because nodeName=\"lab-cluster-worker2\" does not exist"
I1013 04:35:58.803379       1 range_allocator.go:428] "Set node PodCIDR" logger="node-ipam-controller" node="lab-cluster-worker2" podCIDRs=["10.244.2.0/24"]
I1013 04:36:02.855937       1 node_lifecycle_controller.go:873] "Missing timestamp for Node. Assuming now as a timestamp" logger="node-lifecycle-controller" node="lab-cluster-worker2"
I1013 04:36:02.856402       1 node_lifecycle_controller.go:873] "Missing timestamp for Node. Assuming now as a timestamp" logger="node-lifecycle-controller" node="lab-cluster-worker"
I1013 04:36:07.855838       1 node_lifecycle_controller.go:1044] "Controller detected that some Nodes are Ready. Exiting master disruption mode" logger="node-lifecycle-controller"
I1013 04:36:11.100247       1 topologycache.go:237] "Can't get CPU or zone information for node" logger="endpointslice-controller" node="lab-cluster-worker2"
I1013 04:36:12.232806       1 topologycache.go:237] "Can't get CPU or zone information for node" logger="endpointslice-controller" node="lab-cluster-worker"
